0 info it worked if it ends with ok
1 verbose cli [ 'd:\\Program Files (x86)\\nodejs\\node.exe',
1 verbose cli   'd:\\Program Files (x86)\\nodejs\\node_modules\\npm\\bin\\npm-cli.js',
1 verbose cli   'install' ]
2 info using npm@1.4.28
3 info using node@v0.10.32
4 verbose readDependencies using package.json deps
5 verbose install where, deps [ 'E:\\git\\blog_node',
5 verbose install   [ 'express',
5 verbose install     'static-favicon',
5 verbose install     'morgan',
5 verbose install     'cookie-parser',
5 verbose install     'body-parser',
5 verbose install     'debug',
5 verbose install     'ejs',
5 verbose install     'markdown',
5 verbose install     'async' ] ]
6 info preinstall Tblog@0.0.1
7 verbose readDependencies using package.json deps
8 verbose already installed skipping express@~4.9.0 E:\git\blog_node
9 verbose already installed skipping static-favicon@~1.0.0 E:\git\blog_node
10 verbose already installed skipping morgan@~1.0.0 E:\git\blog_node
11 verbose already installed skipping cookie-parser@~1.0.1 E:\git\blog_node
12 verbose already installed skipping body-parser@~1.0.0 E:\git\blog_node
13 verbose already installed skipping debug@~0.7.4 E:\git\blog_node
14 verbose already installed skipping ejs@~0.8.5 E:\git\blog_node
15 verbose cache add [ 'markdown@0.6.0', null ]
16 verbose cache add name=undefined spec="markdown@0.6.0" args=["markdown@0.6.0",null]
17 verbose parsed url { protocol: null,
17 verbose parsed url   slashes: null,
17 verbose parsed url   auth: null,
17 verbose parsed url   host: null,
17 verbose parsed url   port: null,
17 verbose parsed url   hostname: null,
17 verbose parsed url   hash: null,
17 verbose parsed url   search: null,
17 verbose parsed url   query: null,
17 verbose parsed url   pathname: 'markdown@0.6.0',
17 verbose parsed url   path: 'markdown@0.6.0',
17 verbose parsed url   href: 'markdown@0.6.0' }
18 verbose already installed skipping async@~0.9.0 E:\git\blog_node
19 verbose cache add name="markdown" spec="0.6.0" args=["markdown","0.6.0"]
20 verbose parsed url { protocol: null,
20 verbose parsed url   slashes: null,
20 verbose parsed url   auth: null,
20 verbose parsed url   host: null,
20 verbose parsed url   port: null,
20 verbose parsed url   hostname: null,
20 verbose parsed url   hash: null,
20 verbose parsed url   search: null,
20 verbose parsed url   query: null,
20 verbose parsed url   pathname: '0.6.0',
20 verbose parsed url   path: '0.6.0',
20 verbose parsed url   href: '0.6.0' }
21 verbose addNamed [ 'markdown', '0.6.0' ]
22 verbose addNamed [ '0.6.0', '0.6.0' ]
23 silly lockFile be4b67d4-markdown-0-6-0 markdown@0.6.0
24 verbose lock markdown@0.6.0 C:\Users\Administrator\AppData\Roaming\npm-cache\be4b67d4-markdown-0-6-0.lock
25 verbose request where is /markdown
26 verbose request registry https://registry.npmjs.org/
27 verbose request id aff0a34be2e2c2a9
28 verbose url raw /markdown
29 verbose url resolving [ 'https://registry.npmjs.org/', './markdown' ]
30 verbose url resolved https://registry.npmjs.org/markdown
31 verbose request where is https://registry.npmjs.org/markdown
32 info trying registry request attempt 1 at 11:45:47
33 verbose etag "OP7S9NKHY053XZZDLL7VF7XL"
34 http GET https://registry.npmjs.org/markdown
35 http 304 https://registry.npmjs.org/markdown
36 silly registry.get cb [ 304,
36 silly registry.get   { date: 'Wed, 15 Oct 2014 03:45:51 GMT',
36 silly registry.get     server: 'Apache',
36 silly registry.get     via: '1.1 varnish',
36 silly registry.get     'last-modified': 'Wed, 15 Oct 2014 03:17:37 GMT',
36 silly registry.get     'cache-control': 'max-age=60',
36 silly registry.get     etag: '"OP7S9NKHY053XZZDLL7VF7XL"',
36 silly registry.get     'x-served-by': 'cache-ty66-TYO',
36 silly registry.get     'x-cache': 'HIT',
36 silly registry.get     'x-cache-hits': '2',
36 silly registry.get     'x-timer': 'S1413344751.028967,VS0,VE0',
36 silly registry.get     vary: 'Accept',
36 silly registry.get     'content-length': '0',
36 silly registry.get     'keep-alive': 'timeout=10, max=50',
36 silly registry.get     connection: 'Keep-Alive' } ]
37 verbose etag https://registry.npmjs.org/markdown from cache
38 silly lockFile be4b67d4-markdown-0-6-0 markdown@0.6.0
39 silly lockFile be4b67d4-markdown-0-6-0 markdown@0.6.0
40 error Error: version not found: markdown@0.6.0
40 error     at d:\Program Files (x86)\nodejs\node_modules\npm\lib\cache\add-named.js:125:12
40 error     at saved (d:\Program Files (x86)\nodejs\node_modules\npm\node_modules\npm-registry-client\lib\get.js:167:7)
40 error     at Object.oncomplete (fs.js:107:15)
41 error If you need help, you may report this *entire* log,
41 error including the npm and node versions, at:
41 error     <http://github.com/npm/npm/issues>
42 error System Windows_NT 6.2.9200
43 error command "d:\\Program Files (x86)\\nodejs\\node.exe" "d:\\Program Files (x86)\\nodejs\\node_modules\\npm\\bin\\npm-cli.js" "install"
44 error cwd E:\git\blog_node
45 error node -v v0.10.32
46 error npm -v 1.4.28
47 verbose exit [ 1, true ]
