[2015-09-11 15:02:34.291] [WARN] cheese - process: heapTotal 49.76MB heapUsed 16.57MB rss 44.71MB<!log>
[2015-09-11 15:02:34.291] [FATAL] cheese - Express server listening on port3000<!log>
[2015-09-11 15:02:41.293] [INFO] cheese - 成功读取数据库, 查找category|分类, 共查找分类21条信息<!log>
[2015-09-11 15:02:41.297] [INFO] cheese - 成功读取数据库, 查找文章集合, 共查找文章10条信息<!log>
[2015-09-11 15:02:41.991] [INFO] cheese - 成功读取数据库, 查找category|分类, 共查找分类15条信息<!log>
[2015-09-11 15:02:41.998] [INFO] cheese - 成功读取数据库, 查找资源集合, 共查找资源10条信息<!log>
[2015-09-11 15:02:43.338] [INFO] cheese - 成功读取数据库, 查找category|分类, 共查找分类15条信息<!log>
[2015-09-11 15:02:43.343] [INFO] cheese - 成功读取数据库, 查找资源集合, 共查找资源5条信息<!log>
[2015-09-11 15:08:39.693] [WARN] cheese - process: heapTotal 49.76MB heapUsed 16.57MB rss 44.63MB<!log>
[2015-09-11 15:08:39.693] [FATAL] cheese - Express server listening on port3000<!log>
[2015-09-11 15:09:07.707] [WARN] cheese - process: heapTotal 49.76MB heapUsed 16.74MB rss 44.63MB<!log>
[2015-09-11 15:09:07.707] [FATAL] cheese - Express server listening on port3000<!log>
[2015-09-11 15:10:38.198] [WARN] cheese - process: heapTotal 33.76MB heapUsed 19.70MB rss 44.77MB<!log>
[2015-09-11 15:10:38.198] [FATAL] cheese - Express server listening on port3000<!log>
[2015-09-11 15:11:12.947] [WARN] cheese - process: heapTotal 31.79MB heapUsed 20.82MB rss 42.42MB<!log>
[2015-09-11 15:11:12.947] [FATAL] cheese - Express server listening on port3000<!log>
[2015-09-11 15:13:20.791] [WARN] cheese - process: heapTotal 31.79MB heapUsed 17.65MB rss 38.64MB<!log>
[2015-09-11 15:13:20.791] [FATAL] cheese - Express server listening on port3000<!log>
[2015-09-11 15:14:29.928] [WARN] cheese - process: heapTotal 33.76MB heapUsed 19.55MB rss 44.41MB<!log>
[2015-09-11 15:14:29.928] [FATAL] cheese - Express server listening on port3000<!log>
[2015-09-11 15:15:11.576] [WARN] cheese - process: heapTotal 49.76MB heapUsed 16.69MB rss 44.63MB<!log>
[2015-09-11 15:15:11.576] [FATAL] cheese - Express server listening on port3000<!log>
[2015-09-11 15:18:01.024] [WARN] cheese - process: heapTotal 31.79MB heapUsed 17.65MB rss 38.73MB<!log>
[2015-09-11 15:18:01.024] [FATAL] cheese - Express server listening on port3000<!log>
[2015-09-11 15:18:44.502] [WARN] cheese - process: heapTotal 33.76MB heapUsed 19.72MB rss 44.77MB<!log>
[2015-09-11 15:18:44.502] [FATAL] cheese - Express server listening on port3000<!log>
[2015-09-11 15:20:48.879] [WARN] cheese - process: heapTotal 49.76MB heapUsed 18.43MB rss 45.14MB<!log>
[2015-09-11 15:20:48.879] [FATAL] cheese - Express server listening on port3000<!log>
[2015-09-11 15:21:25.688] [WARN] cheese - process: heapTotal 33.76MB heapUsed 19.54MB rss 44.29MB<!log>
[2015-09-11 15:21:25.688] [FATAL] cheese - Express server listening on port3000<!log>
[2015-09-11 15:25:45.714] [WARN] cheese - process: heapTotal 49.76MB heapUsed 16.69MB rss 44.40MB<!log>
[2015-09-11 15:25:45.729] [FATAL] cheese - Express server listening on port3000<!log>
[2015-09-11 15:27:07.748] [INFO] cheese - 成功读取数据库, 查找category|分类, 共查找分类15条信息<!log>
[2015-09-11 15:27:07.752] [INFO] cheese - 成功读取数据库, 查找资源集合, 共查找资源10条信息<!log>
[2015-09-11 15:27:09.956] [INFO] cheese - 成功读取数据库, 查找category|分类, 共查找分类15条信息<!log>
[2015-09-11 15:27:09.959] [INFO] cheese - 成功读取数据库, 查找资源集合, 共查找资源10条信息<!log>
[2015-09-11 15:27:10.635] [INFO] cheese - 成功读取数据库, 查找category|分类, 共查找分类21条信息<!log>
[2015-09-11 15:27:10.637] [INFO] cheese - 成功读取数据库, 查找文章集合, 共查找文章10条信息<!log>
[2015-09-11 15:28:04.961] [WARN] cheese - process: heapTotal 31.79MB heapUsed 16.95MB rss 38.72MB<!log>
[2015-09-11 15:28:04.977] [FATAL] cheese - Express server listening on port3000<!log>
[2015-09-11 15:29:27.591] [INFO] cheese - 成功读取数据库, 查找category|分类, 共查找分类15条信息<!log>
[2015-09-11 15:29:27.596] [INFO] cheese - 成功读取数据库, 查找资源集合, 共查找资源10条信息<!log>
[2015-09-11 15:29:28.903] [INFO] cheese - 成功读取数据库, 查找category|分类, 共查找分类21条信息<!log>
[2015-09-11 15:29:28.907] [INFO] cheese - 成功读取数据库, 查找文章集合, 共查找文章10条信息<!log>
[2015-09-11 15:29:29.590] [INFO] cheese - 成功读取数据库, 查找category|分类, 共查找分类21条信息<!log>
[2015-09-11 15:29:29.595] [INFO] cheese - 成功读取数据库, 查找文章集合, 共查找文章10条信息<!log>
[2015-09-11 15:29:30.034] [INFO] cheese - 成功读取数据库, 查找category|分类, 共查找分类15条信息<!log>
[2015-09-11 15:29:30.040] [INFO] cheese - 成功读取数据库, 查找资源集合, 共查找资源10条信息<!log>
[2015-09-11 15:29:31.838] [INFO] cheese - 成功读取数据库, 查找category|分类, 共查找分类15条信息<!log>
[2015-09-11 15:29:31.844] [INFO] cheese - 成功读取数据库, 查找资源集合, 共查找资源10条信息<!log>
[2015-09-11 15:29:32.286] [INFO] cheese - 成功读取数据库, 查找category|分类, 共查找分类21条信息<!log>
[2015-09-11 15:29:32.290] [INFO] cheese - 成功读取数据库, 查找文章集合, 共查找文章10条信息<!log>
[2015-09-11 15:29:32.642] [INFO] cheese - 成功读取数据库, 查找category|分类, 共查找分类21条信息<!log>
[2015-09-11 15:29:32.646] [INFO] cheese - 成功读取数据库, 查找文章集合, 共查找文章10条信息<!log>
[2015-09-11 15:29:33.146] [INFO] cheese - 成功读取数据库, 查找category|分类, 共查找分类21条信息<!log>
[2015-09-11 15:29:33.149] [INFO] cheese - 成功读取数据库, 查找文章集合, 共查找文章10条信息<!log>
[2015-09-11 15:29:33.468] [INFO] cheese - 成功读取数据库, 查找category|分类, 共查找分类15条信息<!log>
[2015-09-11 15:29:33.471] [INFO] cheese - 成功读取数据库, 查找资源集合, 共查找资源10条信息<!log>
[2015-09-11 15:30:19.681] [INFO] cheese - 成功读取数据库, 查找category|分类, 共查找分类6条信息<!log>
[2015-09-11 15:30:19.687] [INFO] cheese - 成功读取数据库, 查找文章集合, 共查找文章21条信息<!log>
[2015-09-11 15:30:21.288] [WARN] cheese - process: heapTotal 31.79MB heapUsed 20.81MB rss 42.28MB<!log>
[2015-09-11 15:30:21.288] [FATAL] cheese - Express server listening on port3000<!log>
[2015-09-11 15:30:22.517] [INFO] cheese - 成功读取数据库, 查找category|分类, 共查找分类6条信息<!log>
[2015-09-11 15:30:22.522] [INFO] cheese - 成功读取数据库, 查找文章集合, 共查找文章21条信息<!log>
[2015-09-11 15:30:57.957] [INFO] cheese - 成功读取数据库, 查找category|分类, 共查找分类21条信息<!log>
[2015-09-11 15:30:57.963] [INFO] cheese - 成功读取数据库, 查找文章集合, 共查找文章10条信息<!log>
[2015-09-11 15:30:59.218] [INFO] cheese - 成功读取数据库, 查找category|分类, 共查找分类21条信息<!log>
[2015-09-11 15:30:59.222] [INFO] cheese - 成功读取数据库, 查找文章集合, 共查找文章10条信息<!log>
[2015-09-11 15:31:00.453] [INFO] cheese - 成功读取数据库, 查找category|分类, 共查找分类15条信息<!log>
[2015-09-11 15:31:00.458] [INFO] cheese - 成功读取数据库, 查找资源集合, 共查找资源10条信息<!log>
[2015-09-11 15:31:01.690] [INFO] cheese - 成功读取数据库, 查找category|分类, 共查找分类15条信息<!log>
[2015-09-11 15:31:01.696] [INFO] cheese - 成功读取数据库, 查找资源集合, 共查找资源5条信息<!log>
[2015-09-11 15:31:05.458] [INFO] cheese - 文件上传成功，正在写入.......<!log>
[2015-09-11 15:31:05.494] [INFO] cheese - 文件上传成功，写入成功！<!log>
[2015-09-11 15:31:05.494] [WARN] cheese - 进入service/updateResource，目前是写入操作<!log>
[2015-09-11 15:31:05.595] [INFO] cheese - 成功写入数据库, 写入资源, undefined条信息<!log>
[2015-09-11 15:31:05.757] [INFO] cheese - 成功读取数据库, 查找category|分类, 共查找分类16条信息<!log>
[2015-09-11 15:31:05.761] [INFO] cheese - 成功读取数据库, 查找资源集合, 共查找资源10条信息<!log>
[2015-09-11 15:31:07.050] [INFO] cheese - 成功读取数据库, 查找category|分类, 共查找分类16条信息<!log>
[2015-09-11 15:31:07.054] [INFO] cheese - 成功读取数据库, 查找资源集合, 共查找资源6条信息<!log>
[2015-09-11 15:31:17.484] [INFO] cheese - 成功读取数据库, 查找category|分类, 共查找分类16条信息<!log>
[2015-09-11 15:31:17.486] [INFO] cheese - 成功读取数据库, 查找资源集合, 共查找资源10条信息<!log>
[2015-09-11 15:32:30.443] [INFO] cheese - 成功读取数据库, 查找category|分类, 共查找分类16条信息<!log>
[2015-09-11 15:32:30.446] [INFO] cheese - 成功读取数据库, 查找资源集合, 共查找资源10条信息<!log>
[2015-09-11 15:32:31.618] [INFO] cheese - 成功读取数据库, 查找category|分类, 共查找分类16条信息<!log>
[2015-09-11 15:32:31.623] [INFO] cheese - 成功读取数据库, 查找资源集合, 共查找资源6条信息<!log>
[2015-09-11 15:32:32.571] [INFO] cheese - 成功读取数据库, 查找category|分类, 共查找分类16条信息<!log>
[2015-09-11 15:32:32.574] [INFO] cheese - 成功读取数据库, 查找资源集合, 共查找资源10条信息<!log>
[2015-09-11 15:36:25.349] [WARN] cheese - process: heapTotal 49.76MB heapUsed 16.58MB rss 44.45MB<!log>
[2015-09-11 15:36:25.351] [FATAL] cheese - Express server listening on port3000<!log>
[2015-09-11 15:37:14.312] [INFO] cheese - 成功读取数据库, 查找category|分类, 共查找分类16条信息<!log>
[2015-09-11 15:37:14.316] [INFO] cheese - 成功读取数据库, 查找资源集合, 共查找资源10条信息<!log>
[2015-09-11 15:37:15.788] [INFO] cheese - 成功读取数据库, 查找category|分类, 共查找分类21条信息<!log>
[2015-09-11 15:37:15.794] [INFO] cheese - 成功读取数据库, 查找文章集合, 共查找文章10条信息<!log>
[2015-09-11 15:37:18.231] [INFO] cheese - 成功读取数据库, 查找category|分类, 共查找分类6条信息<!log>
[2015-09-11 15:37:18.242] [INFO] cheese - 成功读取数据库, 查找文章集合, 共查找文章1条信息<!log>
[2015-09-11 15:37:23.262] [INFO] cheese - 成功读取数据库, 查找category|分类, 共查找分类21条信息<!log>
[2015-09-11 15:37:23.267] [INFO] cheese - 成功读取数据库, 查找文章集合, 共查找文章10条信息<!log>
[2015-09-11 15:37:24.060] [INFO] cheese - 成功读取数据库, 查找category|分类, 共查找分类16条信息<!log>
[2015-09-11 15:37:24.066] [INFO] cheese - 成功读取数据库, 查找资源集合, 共查找资源10条信息<!log>
[2015-09-11 15:39:03.349] [INFO] cheese - 成功读取数据库, 查找category|分类, 共查找分类16条信息<!log>
[2015-09-11 15:39:03.354] [INFO] cheese - 成功读取数据库, 查找资源集合, 共查找资源10条信息<!log>
[2015-09-11 15:39:05.009] [INFO] cheese - 成功读取数据库, 查找category|分类, 共查找分类21条信息<!log>
[2015-09-11 15:39:05.012] [INFO] cheese - 成功读取数据库, 查找文章集合, 共查找文章10条信息<!log>
[2015-09-11 15:39:06.890] [INFO] cheese - 成功读取数据库, 查找category|分类, 共查找分类21条信息<!log>
[2015-09-11 15:39:06.894] [INFO] cheese - 成功读取数据库, 查找文章集合, 共查找文章10条信息<!log>
[2015-09-11 15:39:09.932] [INFO] cheese - 成功读取数据库, 查找category|分类, 共查找分类16条信息<!log>
[2015-09-11 15:39:09.936] [INFO] cheese - 成功读取数据库, 查找资源集合, 共查找资源10条信息<!log>
[2015-09-11 15:40:19.775] [INFO] cheese - 成功读取数据库, 查找category|分类, 共查找分类16条信息<!log>
[2015-09-11 15:40:19.779] [INFO] cheese - 成功读取数据库, 查找资源集合, 共查找资源10条信息<!log>
[2015-09-11 15:40:20.638] [INFO] cheese - 成功读取数据库, 查找category|分类, 共查找分类21条信息<!log>
[2015-09-11 15:40:20.644] [INFO] cheese - 成功读取数据库, 查找文章集合, 共查找文章10条信息<!log>
[2015-09-11 15:40:21.502] [INFO] cheese - 成功读取数据库, 查找category|分类, 共查找分类16条信息<!log>
[2015-09-11 15:40:21.508] [INFO] cheese - 成功读取数据库, 查找资源集合, 共查找资源10条信息<!log>
[2015-09-11 15:40:33.780] [INFO] cheese - 成功读取数据库, 查找category|分类, 共查找分类16条信息<!log>
[2015-09-11 15:40:33.783] [INFO] cheese - 成功读取数据库, 查找资源集合, 共查找资源6条信息<!log>
[2015-09-11 15:40:36.056] [INFO] cheese - 成功读取数据库, 查找category|分类, 共查找分类16条信息<!log>
[2015-09-11 15:40:36.059] [INFO] cheese - 成功读取数据库, 查找资源集合, 共查找资源10条信息<!log>
[2015-09-11 15:40:53.490] [INFO] cheese - 成功读取数据库, 查找category|分类, 共查找分类16条信息<!log>
[2015-09-11 15:40:53.494] [INFO] cheese - 成功读取数据库, 查找资源集合, 共查找资源6条信息<!log>
[2015-09-11 15:41:15.967] [INFO] cheese - 成功读取数据库, 查找category|分类, 共查找分类21条信息<!log>
[2015-09-11 15:41:15.971] [INFO] cheese - 成功读取数据库, 查找文章集合, 共查找文章10条信息<!log>
[2015-09-11 15:41:17.450] [INFO] cheese - 成功读取数据库, 查找category|分类, 共查找分类21条信息<!log>
[2015-09-11 15:41:17.455] [INFO] cheese - 成功读取数据库, 查找文章集合, 共查找文章10条信息<!log>
[2015-09-11 15:41:18.089] [INFO] cheese - 成功读取数据库, 查找category|分类, 共查找分类21条信息<!log>
[2015-09-11 15:41:18.092] [INFO] cheese - 成功读取数据库, 查找文章集合, 共查找文章1条信息<!log>
[2015-09-11 15:42:30.094] [INFO] cheese - 成功读取数据库, 查找category|分类, 共查找分类21条信息<!log>
[2015-09-11 15:42:30.096] [INFO] cheese - 成功读取数据库, 查找文章集合, 共查找文章10条信息<!log>
[2015-09-11 15:42:31.524] [INFO] cheese - 成功读取数据库, 查找category|分类, 共查找分类21条信息<!log>
[2015-09-11 15:42:31.528] [INFO] cheese - 成功读取数据库, 查找文章集合, 共查找文章10条信息<!log>
[2015-09-11 15:42:32.756] [INFO] cheese - 成功读取数据库, 查找category|分类, 共查找分类21条信息<!log>
[2015-09-11 15:42:32.760] [INFO] cheese - 成功读取数据库, 查找文章集合, 共查找文章10条信息<!log>
[2015-09-11 15:42:34.018] [INFO] cheese - 成功读取数据库, 查找category|分类, 共查找分类21条信息<!log>
[2015-09-11 15:42:34.022] [INFO] cheese - 成功读取数据库, 查找文章集合, 共查找文章10条信息<!log>
[2015-09-11 15:42:35.259] [INFO] cheese - 成功读取数据库, 查找category|分类, 共查找分类21条信息<!log>
[2015-09-11 15:42:35.263] [INFO] cheese - 成功读取数据库, 查找文章集合, 共查找文章10条信息<!log>
[2015-09-11 15:42:36.329] [INFO] cheese - 成功读取数据库, 查找category|分类, 共查找分类21条信息<!log>
[2015-09-11 15:42:36.331] [INFO] cheese - 成功读取数据库, 查找文章集合, 共查找文章10条信息<!log>
[2015-09-11 15:42:36.892] [INFO] cheese - 成功读取数据库, 查找category|分类, 共查找分类16条信息<!log>
[2015-09-11 15:42:36.895] [INFO] cheese - 成功读取数据库, 查找资源集合, 共查找资源10条信息<!log>
[2015-09-11 15:42:38.516] [INFO] cheese - 成功读取数据库, 查找category|分类, 共查找分类21条信息<!log>
[2015-09-11 15:42:38.521] [INFO] cheese - 成功读取数据库, 查找文章集合, 共查找文章10条信息<!log>
[2015-09-11 15:42:39.504] [INFO] cheese - 成功读取数据库, 查找category|分类, 共查找分类21条信息<!log>
[2015-09-11 15:42:39.507] [INFO] cheese - 成功读取数据库, 查找文章集合, 共查找文章10条信息<!log>
[2015-09-11 15:42:39.952] [INFO] cheese - 成功读取数据库, 查找category|分类, 共查找分类21条信息<!log>
[2015-09-11 15:42:39.955] [INFO] cheese - 成功读取数据库, 查找文章集合, 共查找文章1条信息<!log>
[2015-09-11 15:42:41.405] [INFO] cheese - 成功读取数据库, 查找category|分类, 共查找分类16条信息<!log>
[2015-09-11 15:42:41.408] [INFO] cheese - 成功读取数据库, 查找资源集合, 共查找资源10条信息<!log>
[2015-09-11 15:43:23.480] [INFO] cheese - 成功读取数据库, 查找category|分类, 共查找分类6条信息<!log>
[2015-09-11 15:43:23.484] [INFO] cheese - 成功读取数据库, 查找文章集合, 共查找文章21条信息<!log>
[2015-09-11 15:43:26.423] [INFO] cheese - 成功读取数据库, 查找category|分类, 共查找分类6条信息<!log>
[2015-09-11 15:43:26.425] [INFO] cheese - 成功读取数据库, 查找文章集合, 共查找文章6条信息<!log>
[2015-09-11 15:43:27.910] [INFO] cheese - 成功读取数据库, 查找category|分类, 共查找分类6条信息<!log>
[2015-09-11 15:43:27.913] [INFO] cheese - 成功读取数据库, 查找文章集合, 共查找文章1条信息<!log>
[2015-09-11 15:43:30.615] [INFO] cheese - 成功读取数据库, 查找category|分类, 共查找分类6条信息<!log>
[2015-09-11 15:43:30.618] [INFO] cheese - 成功读取数据库, 查找文章集合, 共查找文章1条信息<!log>
[2015-09-11 15:43:31.998] [INFO] cheese - 成功读取数据库, 查找category|分类, 共查找分类6条信息<!log>
[2015-09-11 15:43:32.000] [INFO] cheese - 成功读取数据库, 查找文章集合, 共查找文章1条信息<!log>
[2015-09-11 15:43:33.054] [INFO] cheese - 成功读取数据库, 查找category|分类, 共查找分类6条信息<!log>
[2015-09-11 15:43:33.056] [INFO] cheese - 成功读取数据库, 查找文章集合, 共查找文章1条信息<!log>
[2015-09-11 15:43:34.325] [INFO] cheese - 成功读取数据库, 查找category|分类, 共查找分类6条信息<!log>
[2015-09-11 15:43:34.328] [INFO] cheese - 成功读取数据库, 查找文章集合, 共查找文章1条信息<!log>
[2015-09-11 15:43:36.541] [INFO] cheese - 成功读取数据库, 查找category|分类, 共查找分类6条信息<!log>
[2015-09-11 15:43:36.543] [INFO] cheese - 成功读取数据库, 查找文章集合, 共查找文章6条信息<!log>
[2015-09-11 15:43:37.903] [INFO] cheese - 成功读取数据库, 查找category|分类, 共查找分类6条信息<!log>
[2015-09-11 15:43:37.905] [INFO] cheese - 成功读取数据库, 查找文章集合, 共查找文章1条信息<!log>
[2015-09-11 15:45:31.665] [INFO] cheese - 成功读取数据库, 查找category|分类, 共查找分类16条信息<!log>
[2015-09-11 15:45:31.669] [INFO] cheese - 成功读取数据库, 查找资源集合, 共查找资源10条信息<!log>
[2015-09-11 15:45:32.287] [INFO] cheese - 成功读取数据库, 查找category|分类, 共查找分类21条信息<!log>
[2015-09-11 15:45:32.291] [INFO] cheese - 成功读取数据库, 查找文章集合, 共查找文章10条信息<!log>
[2015-09-11 15:45:34.329] [INFO] cheese - 成功读取数据库, 查找category|分类, 共查找分类21条信息<!log>
[2015-09-11 15:45:34.333] [INFO] cheese - 成功读取数据库, 查找文章集合, 共查找文章10条信息<!log>
[2015-09-11 15:45:35.038] [INFO] cheese - 成功读取数据库, 查找category|分类, 共查找分类21条信息<!log>
[2015-09-11 15:45:35.042] [INFO] cheese - 成功读取数据库, 查找文章集合, 共查找文章1条信息<!log>
[2015-09-11 15:45:36.008] [INFO] cheese - 成功读取数据库, 查找category|分类, 共查找分类16条信息<!log>
[2015-09-11 15:45:36.009] [INFO] cheese - 成功读取数据库, 查找资源集合, 共查找资源10条信息<!log>
[2015-09-11 15:46:12.361] [INFO] cheese - 成功读取数据库, 查找category|分类, 共查找分类21条信息<!log>
[2015-09-11 15:46:12.366] [INFO] cheese - 成功读取数据库, 查找文章集合, 共查找文章10条信息<!log>
[2015-09-11 15:46:13.438] [INFO] cheese - 成功读取数据库, 查找category|分类, 共查找分类16条信息<!log>
[2015-09-11 15:46:13.442] [INFO] cheese - 成功读取数据库, 查找资源集合, 共查找资源10条信息<!log>
[2015-09-11 15:46:14.394] [INFO] cheese - 成功读取数据库, 查找category|分类, 共查找分类21条信息<!log>
[2015-09-11 15:46:14.397] [INFO] cheese - 成功读取数据库, 查找文章集合, 共查找文章10条信息<!log>
[2015-09-11 15:46:16.681] [INFO] cheese - 成功读取数据库, 查找category|分类, 共查找分类21条信息<!log>
[2015-09-11 15:46:16.690] [INFO] cheese - 成功读取数据库, 查找文章集合, 共查找文章10条信息<!log>
[2015-09-11 15:46:17.319] [INFO] cheese - 成功读取数据库, 查找category|分类, 共查找分类21条信息<!log>
[2015-09-11 15:46:17.325] [INFO] cheese - 成功读取数据库, 查找文章集合, 共查找文章10条信息<!log>
[2015-09-11 15:46:17.655] [INFO] cheese - 成功读取数据库, 查找category|分类, 共查找分类16条信息<!log>
[2015-09-11 15:46:17.658] [INFO] cheese - 成功读取数据库, 查找资源集合, 共查找资源10条信息<!log>
[2015-09-11 15:46:18.564] [INFO] cheese - 成功读取数据库, 查找category|分类, 共查找分类21条信息<!log>
[2015-09-11 15:46:18.570] [INFO] cheese - 成功读取数据库, 查找文章集合, 共查找文章10条信息<!log>
[2015-09-11 15:46:18.993] [INFO] cheese - 成功读取数据库, 查找category|分类, 共查找分类21条信息<!log>
[2015-09-11 15:46:19.000] [INFO] cheese - 成功读取数据库, 查找文章集合, 共查找文章10条信息<!log>
[2015-09-11 15:46:19.503] [INFO] cheese - 成功读取数据库, 查找category|分类, 共查找分类21条信息<!log>
[2015-09-11 15:46:19.506] [INFO] cheese - 成功读取数据库, 查找文章集合, 共查找文章10条信息<!log>
[2015-09-11 15:46:19.785] [INFO] cheese - 成功读取数据库, 查找category|分类, 共查找分类21条信息<!log>
[2015-09-11 15:46:19.788] [INFO] cheese - 成功读取数据库, 查找文章集合, 共查找文章10条信息<!log>
[2015-09-11 15:46:19.993] [INFO] cheese - 成功读取数据库, 查找category|分类, 共查找分类21条信息<!log>
[2015-09-11 15:46:19.998] [INFO] cheese - 成功读取数据库, 查找文章集合, 共查找文章10条信息<!log>
[2015-09-11 15:46:20.284] [INFO] cheese - 成功读取数据库, 查找category|分类, 共查找分类21条信息<!log>
[2015-09-11 15:46:20.287] [INFO] cheese - 成功读取数据库, 查找文章集合, 共查找文章10条信息<!log>
[2015-09-11 15:46:20.742] [INFO] cheese - 成功读取数据库, 查找category|分类, 共查找分类21条信息<!log>
[2015-09-11 15:46:20.746] [INFO] cheese - 成功读取数据库, 查找文章集合, 共查找文章10条信息<!log>
[2015-09-11 15:46:20.953] [INFO] cheese - 成功读取数据库, 查找category|分类, 共查找分类21条信息<!log>
[2015-09-11 15:46:20.959] [INFO] cheese - 成功读取数据库, 查找文章集合, 共查找文章10条信息<!log>
[2015-09-11 15:46:22.687] [INFO] cheese - 成功读取数据库, 查找category|分类, 共查找分类6条信息<!log>
[2015-09-11 15:46:22.690] [INFO] cheese - 成功读取数据库, 查找文章集合, 共查找文章1条信息<!log>
[2015-09-11 15:46:25.085] [INFO] cheese - 成功读取数据库, 查找category|分类, 共查找分类6条信息<!log>
[2015-09-11 15:46:25.087] [INFO] cheese - 成功读取数据库, 查找文章集合, 共查找文章2条信息<!log>
[2015-09-11 15:46:26.574] [INFO] cheese - 成功读取数据库, 查找category|分类, 共查找分类6条信息<!log>
[2015-09-11 15:46:26.576] [INFO] cheese - 成功读取数据库, 查找文章集合, 共查找文章1条信息<!log>
[2015-09-11 15:46:29.692] [INFO] cheese - 成功读取数据库, 查找category|分类, 共查找分类6条信息<!log>
[2015-09-11 15:46:29.695] [INFO] cheese - 成功读取数据库, 查找文章集合, 共查找文章1条信息<!log>
[2015-09-11 15:46:30.756] [INFO] cheese - 成功读取数据库, 查找category|分类, 共查找分类6条信息<!log>
[2015-09-11 15:46:30.759] [INFO] cheese - 成功读取数据库, 查找文章集合, 共查找文章1条信息<!log>
[2015-09-11 15:46:31.949] [INFO] cheese - 成功读取数据库, 查找category|分类, 共查找分类6条信息<!log>
[2015-09-11 15:46:31.951] [INFO] cheese - 成功读取数据库, 查找文章集合, 共查找文章1条信息<!log>
[2015-09-11 15:46:34.470] [INFO] cheese - 成功读取数据库, 查找category|分类, 共查找分类21条信息<!log>
[2015-09-11 15:46:34.472] [INFO] cheese - 成功读取数据库, 查找文章集合, 共查找文章10条信息<!log>
[2015-09-11 15:46:35.950] [INFO] cheese - 成功读取数据库, 查找category|分类, 共查找分类21条信息<!log>
[2015-09-11 15:46:35.952] [INFO] cheese - 成功读取数据库, 查找文章集合, 共查找文章10条信息<!log>
[2015-09-11 15:46:36.442] [INFO] cheese - 成功读取数据库, 查找category|分类, 共查找分类21条信息<!log>
[2015-09-11 15:46:36.449] [INFO] cheese - 成功读取数据库, 查找文章集合, 共查找文章10条信息<!log>
[2015-09-11 15:46:36.797] [INFO] cheese - 成功读取数据库, 查找category|分类, 共查找分类16条信息<!log>
[2015-09-11 15:46:36.804] [INFO] cheese - 成功读取数据库, 查找资源集合, 共查找资源10条信息<!log>
[2015-09-11 15:46:52.663] [INFO] cheese - 成功读取数据库, 查找category|分类, 共查找分类16条信息<!log>
[2015-09-11 15:46:52.668] [INFO] cheese - 成功读取数据库, 查找资源集合, 共查找资源10条信息<!log>
[2015-09-11 15:46:54.442] [INFO] cheese - 成功读取数据库, 查找category|分类, 共查找分类16条信息<!log>
[2015-09-11 15:46:54.444] [INFO] cheese - 成功读取数据库, 查找资源集合, 共查找资源6条信息<!log>
[2015-09-11 15:46:55.410] [INFO] cheese - 成功读取数据库, 查找category|分类, 共查找分类16条信息<!log>
[2015-09-11 15:46:55.413] [INFO] cheese - 成功读取数据库, 查找资源集合, 共查找资源10条信息<!log>
[2015-09-11 15:46:56.424] [INFO] cheese - 成功读取数据库, 查找category|分类, 共查找分类21条信息<!log>
[2015-09-11 15:46:56.427] [INFO] cheese - 成功读取数据库, 查找文章集合, 共查找文章10条信息<!log>
[2015-09-11 15:46:57.576] [INFO] cheese - 成功读取数据库, 查找category|分类, 共查找分类21条信息<!log>
[2015-09-11 15:46:57.581] [INFO] cheese - 成功读取数据库, 查找文章集合, 共查找文章10条信息<!log>
[2015-09-11 15:46:58.113] [INFO] cheese - 成功读取数据库, 查找category|分类, 共查找分类21条信息<!log>
[2015-09-11 15:46:58.116] [INFO] cheese - 成功读取数据库, 查找文章集合, 共查找文章1条信息<!log>
[2015-09-11 15:46:59.088] [INFO] cheese - 成功读取数据库, 查找category|分类, 共查找分类21条信息<!log>
[2015-09-11 15:46:59.091] [INFO] cheese - 成功读取数据库, 查找文章集合, 共查找文章10条信息<!log>
[2015-09-11 15:47:00.096] [INFO] cheese - 成功读取数据库, 查找category|分类, 共查找分类21条信息<!log>
[2015-09-11 15:47:00.100] [INFO] cheese - 成功读取数据库, 查找文章集合, 共查找文章10条信息<!log>
[2015-09-11 15:47:01.449] [INFO] cheese - 成功读取数据库, 查找文章集合, 共查找文章1条信息<!log>
[2015-09-11 15:47:03.374] [WARN] cheese - 进入service，目前是更新操作
[2015-09-11 15:47:03.457] [INFO] cheese - 成功更新数据库, 更新文章, 共查找文章1条信息<!log>
[2015-09-11 15:47:04.886] [INFO] cheese - 成功读取数据库, 查找category|分类, 共查找分类21条信息<!log>
[2015-09-11 15:47:04.890] [INFO] cheese - 成功读取数据库, 查找文章集合, 共查找文章10条信息<!log>
[2015-09-11 15:47:06.155] [INFO] cheese - 成功读取数据库, 查找category|分类, 共查找分类21条信息<!log>
[2015-09-11 15:47:06.158] [INFO] cheese - 成功读取数据库, 查找文章集合, 共查找文章10条信息<!log>
[2015-09-11 15:47:06.583] [INFO] cheese - 成功读取数据库, 查找category|分类, 共查找分类21条信息<!log>
[2015-09-11 15:47:06.586] [INFO] cheese - 成功读取数据库, 查找文章集合, 共查找文章1条信息<!log>
[2015-09-11 15:48:08.132] [WARN] cheese - process: heapTotal 49.76MB heapUsed 16.48MB rss 44.50MB<!log>
[2015-09-11 15:48:08.132] [FATAL] cheese - Express server listening on port3000<!log>
[2015-09-11 15:48:15.458] [INFO] cheese - 成功读取数据库, 查找category|分类, 共查找分类21条信息<!log>
[2015-09-11 15:48:15.463] [INFO] cheese - 成功读取数据库, 查找文章集合, 共查找文章10条信息<!log>
[2015-09-11 15:48:16.541] [INFO] cheese - 成功读取数据库, 查找文章集合, 共查找文章1条信息<!log>
[2015-09-11 15:48:17.943] [WARN] cheese - 进入service，目前是更新操作
[2015-09-11 15:48:17.991] [INFO] cheese - 成功更新数据库, 更新文章, 共查找文章1条信息<!log>
[2015-09-11 15:48:19.236] [INFO] cheese - 成功读取数据库, 查找category|分类, 共查找分类21条信息<!log>
[2015-09-11 15:48:19.241] [INFO] cheese - 成功读取数据库, 查找文章集合, 共查找文章10条信息<!log>
[2015-09-11 15:48:28.033] [WARN] cheese - process: heapTotal 33.76MB heapUsed 19.81MB rss 44.49MB<!log>
[2015-09-11 15:48:28.033] [FATAL] cheese - Express server listening on port3000<!log>
[2015-09-11 15:48:45.047] [WARN] cheese - process: heapTotal 49.76MB heapUsed 16.58MB rss 44.65MB<!log>
[2015-09-11 15:48:45.047] [FATAL] cheese - Express server listening on port3000<!log>
[2015-09-11 15:48:48.022] [INFO] cheese - 成功读取数据库, 查找category|分类, 共查找分类21条信息<!log>
[2015-09-11 15:48:48.028] [INFO] cheese - 成功读取数据库, 查找文章集合, 共查找文章10条信息<!log>
[2015-09-11 15:48:48.630] [INFO] cheese - 成功读取数据库, 查找category|分类, 共查找分类21条信息<!log>
[2015-09-11 15:48:48.638] [INFO] cheese - 成功读取数据库, 查找文章集合, 共查找文章10条信息<!log>
[2015-09-11 15:48:50.248] [INFO] cheese - 成功读取数据库, 查找文章集合, 共查找文章1条信息<!log>
[2015-09-11 15:48:51.406] [WARN] cheese - 进入service，目前是更新操作<!log>
[2015-09-11 15:48:51.444] [INFO] cheese - 成功更新数据库, 更新文章, 共查找文章1条信息<!log>
[2015-09-11 15:48:52.687] [INFO] cheese - 成功读取数据库, 查找category|分类, 共查找分类21条信息<!log>
[2015-09-11 15:48:52.692] [INFO] cheese - 成功读取数据库, 查找文章集合, 共查找文章10条信息<!log>
[2015-09-11 16:40:18.979] [INFO] cheese - 成功读取数据库, 查找category|分类, 共查找分类16条信息<!log>
[2015-09-11 16:40:18.981] [INFO] cheese - 成功读取数据库, 查找资源集合, 共查找资源10条信息<!log>
[2015-09-11 16:40:19.988] [INFO] cheese - 成功读取数据库, 查找category|分类, 共查找分类21条信息<!log>
[2015-09-11 16:40:19.992] [INFO] cheese - 成功读取数据库, 查找文章集合, 共查找文章10条信息<!log>
[2015-09-11 16:42:56.482] [INFO] cheese - 成功读取数据库, 查找category|分类, 共查找分类21条信息<!log>
[2015-09-11 16:42:56.485] [INFO] cheese - 成功读取数据库, 查找文章集合, 共查找文章10条信息<!log>
[2015-09-11 16:42:59.430] [INFO] cheese - 成功读取数据库, 查找category|分类, 共查找分类21条信息<!log>
[2015-09-11 16:42:59.433] [INFO] cheese - 成功读取数据库, 查找文章集合, 共查找文章10条信息<!log>
[2015-09-11 16:43:00.044] [INFO] cheese - 成功读取数据库, 查找category|分类, 共查找分类21条信息<!log>
[2015-09-11 16:43:00.048] [INFO] cheese - 成功读取数据库, 查找文章集合, 共查找文章10条信息<!log>
[2015-09-11 16:43:00.536] [INFO] cheese - 成功读取数据库, 查找category|分类, 共查找分类16条信息<!log>
[2015-09-11 16:43:00.539] [INFO] cheese - 成功读取数据库, 查找资源集合, 共查找资源10条信息<!log>
[2015-09-11 16:43:01.773] [INFO] cheese - 成功读取数据库, 查找category|分类, 共查找分类21条信息<!log>
[2015-09-11 16:43:01.775] [INFO] cheese - 成功读取数据库, 查找文章集合, 共查找文章10条信息<!log>
[2015-09-11 16:43:02.173] [INFO] cheese - 成功读取数据库, 查找category|分类, 共查找分类21条信息<!log>
[2015-09-11 16:43:02.176] [INFO] cheese - 成功读取数据库, 查找文章集合, 共查找文章10条信息<!log>
[2015-09-11 16:43:03.170] [INFO] cheese - 成功读取数据库, 查找category|分类, 共查找分类16条信息<!log>
[2015-09-11 16:43:03.171] [INFO] cheese - 成功读取数据库, 查找资源集合, 共查找资源10条信息<!log>
[2015-09-11 16:43:04.149] [INFO] cheese - 成功读取数据库, 查找category|分类, 共查找分类21条信息<!log>
[2015-09-11 16:43:04.151] [INFO] cheese - 成功读取数据库, 查找文章集合, 共查找文章10条信息<!log>
[2015-09-11 16:43:05.058] [INFO] cheese - 成功读取数据库, 查找category|分类, 共查找分类21条信息<!log>
[2015-09-11 16:43:05.059] [INFO] cheese - 成功读取数据库, 查找文章集合, 共查找文章10条信息<!log>
[2015-09-11 16:43:05.897] [INFO] cheese - 成功读取数据库, 查找category|分类, 共查找分类16条信息<!log>
[2015-09-11 16:43:05.899] [INFO] cheese - 成功读取数据库, 查找资源集合, 共查找资源10条信息<!log>
[2015-09-11 16:43:07.328] [INFO] cheese - 成功读取数据库, 查找category|分类, 共查找分类21条信息<!log>
[2015-09-11 16:43:07.332] [INFO] cheese - 成功读取数据库, 查找文章集合, 共查找文章10条信息<!log>
[2015-09-11 16:43:08.308] [INFO] cheese - 成功读取数据库, 查找category|分类, 共查找分类16条信息<!log>
[2015-09-11 16:43:08.312] [INFO] cheese - 成功读取数据库, 查找资源集合, 共查找资源10条信息<!log>
[2015-09-11 16:43:09.679] [INFO] cheese - 成功读取数据库, 查找category|分类, 共查找分类21条信息<!log>
[2015-09-11 16:43:09.682] [INFO] cheese - 成功读取数据库, 查找文章集合, 共查找文章10条信息<!log>
[2015-09-11 16:43:10.521] [INFO] cheese - 成功读取数据库, 查找category|分类, 共查找分类21条信息<!log>
[2015-09-11 16:43:10.524] [INFO] cheese - 成功读取数据库, 查找文章集合, 共查找文章10条信息<!log>
[2015-09-11 16:43:11.534] [INFO] cheese - 成功读取数据库, 查找category|分类, 共查找分类16条信息<!log>
[2015-09-11 16:43:11.537] [INFO] cheese - 成功读取数据库, 查找资源集合, 共查找资源10条信息<!log>
[2015-09-11 16:43:12.639] [INFO] cheese - 成功读取数据库, 查找category|分类, 共查找分类21条信息<!log>
[2015-09-11 16:43:12.642] [INFO] cheese - 成功读取数据库, 查找文章集合, 共查找文章10条信息<!log>
[2015-09-11 16:43:13.619] [INFO] cheese - 成功读取数据库, 查找category|分类, 共查找分类21条信息<!log>
[2015-09-11 16:43:13.624] [INFO] cheese - 成功读取数据库, 查找文章集合, 共查找文章10条信息<!log>
[2015-09-11 16:43:14.231] [INFO] cheese - 成功读取数据库, 查找category|分类, 共查找分类16条信息<!log>
[2015-09-11 16:43:14.233] [INFO] cheese - 成功读取数据库, 查找资源集合, 共查找资源10条信息<!log>
[2015-09-11 16:43:15.584] [INFO] cheese - 成功读取数据库, 查找category|分类, 共查找分类21条信息<!log>
[2015-09-11 16:43:15.588] [INFO] cheese - 成功读取数据库, 查找文章集合, 共查找文章10条信息<!log>
[2015-09-11 16:43:16.434] [INFO] cheese - 成功读取数据库, 查找category|分类, 共查找分类21条信息<!log>
[2015-09-11 16:43:16.438] [INFO] cheese - 成功读取数据库, 查找文章集合, 共查找文章10条信息<!log>
[2015-09-11 16:43:17.616] [INFO] cheese - 成功读取数据库, 查找category|分类, 共查找分类21条信息<!log>
[2015-09-11 16:43:17.619] [INFO] cheese - 成功读取数据库, 查找文章集合, 共查找文章10条信息<!log>
[2015-09-11 16:43:18.617] [INFO] cheese - 成功读取数据库, 查找category|分类, 共查找分类16条信息<!log>
[2015-09-11 16:43:18.620] [INFO] cheese - 成功读取数据库, 查找资源集合, 共查找资源10条信息<!log>
[2015-09-11 16:43:20.106] [INFO] cheese - 成功读取数据库, 查找category|分类, 共查找分类21条信息<!log>
[2015-09-11 16:43:20.109] [INFO] cheese - 成功读取数据库, 查找文章集合, 共查找文章10条信息<!log>
[2015-09-11 16:43:21.895] [INFO] cheese - 成功读取数据库, 查找category|分类, 共查找分类21条信息<!log>
[2015-09-11 16:43:21.898] [INFO] cheese - 成功读取数据库, 查找文章集合, 共查找文章10条信息<!log>
[2015-09-11 16:43:23.154] [INFO] cheese - 成功读取数据库, 查找category|分类, 共查找分类16条信息<!log>
[2015-09-11 16:43:23.155] [INFO] cheese - 成功读取数据库, 查找资源集合, 共查找资源10条信息<!log>
[2015-09-11 16:43:24.900] [INFO] cheese - 成功读取数据库, 查找category|分类, 共查找分类21条信息<!log>
[2015-09-11 16:43:24.903] [INFO] cheese - 成功读取数据库, 查找文章集合, 共查找文章10条信息<!log>
[2015-09-11 16:43:27.757] [INFO] cheese - 成功读取数据库, 查找category|分类, 共查找分类21条信息<!log>
[2015-09-11 16:43:27.760] [INFO] cheese - 成功读取数据库, 查找文章集合, 共查找文章10条信息<!log>
[2015-09-11 16:43:28.401] [INFO] cheese - 成功读取数据库, 查找category|分类, 共查找分类16条信息<!log>
[2015-09-11 16:43:28.404] [INFO] cheese - 成功读取数据库, 查找资源集合, 共查找资源10条信息<!log>
[2015-09-11 16:43:29.647] [INFO] cheese - 成功读取数据库, 查找category|分类, 共查找分类21条信息<!log>
[2015-09-11 16:43:29.649] [INFO] cheese - 成功读取数据库, 查找文章集合, 共查找文章10条信息<!log>
[2015-09-11 16:43:30.138] [INFO] cheese - 成功读取数据库, 查找category|分类, 共查找分类21条信息<!log>
[2015-09-11 16:43:30.143] [INFO] cheese - 成功读取数据库, 查找文章集合, 共查找文章10条信息<!log>
[2015-09-11 16:43:32.100] [INFO] cheese - 成功读取数据库, 查找category|分类, 共查找分类16条信息<!log>
[2015-09-11 16:43:32.104] [INFO] cheese - 成功读取数据库, 查找资源集合, 共查找资源10条信息<!log>
[2015-09-11 16:43:33.264] [INFO] cheese - 成功读取数据库, 查找category|分类, 共查找分类21条信息<!log>
[2015-09-11 16:43:33.267] [INFO] cheese - 成功读取数据库, 查找文章集合, 共查找文章10条信息<!log>
[2015-09-11 16:43:33.981] [INFO] cheese - 成功读取数据库, 查找category|分类, 共查找分类21条信息<!log>
[2015-09-11 16:43:33.984] [INFO] cheese - 成功读取数据库, 查找文章集合, 共查找文章10条信息<!log>
[2015-09-11 17:05:41.884] [INFO] cheese - 成功读取数据库, 查找category|分类, 共查找分类21条信息<!log>
[2015-09-11 17:05:41.892] [INFO] cheese - 成功读取数据库, 查找文章集合, 共查找文章10条信息<!log>
[2015-09-11 17:05:42.019] [INFO] cheese - 成功读取数据库, 查找category|分类, 共查找分类21条信息<!log>
[2015-09-11 17:05:42.023] [INFO] cheese - 成功读取数据库, 查找文章集合, 共查找文章10条信息<!log>
[2015-09-11 17:05:49.112] [WARN] cheese - process: heapTotal 31.79MB heapUsed 17.64MB rss 38.70MB<!log>
[2015-09-11 17:05:49.114] [FATAL] cheese - Express server listening on port3000<!log>
[2015-09-11 17:05:51.291] [INFO] cheese - 成功读取数据库, 查找category|分类, 共查找分类21条信息<!log>
[2015-09-11 17:05:51.296] [INFO] cheese - 成功读取数据库, 查找文章集合, 共查找文章10条信息<!log>
[2015-09-11 17:05:56.452] [INFO] cheese - 成功读取数据库, 查找category|分类, 共查找分类21条信息<!log>
[2015-09-11 17:05:56.457] [INFO] cheese - 成功读取数据库, 查找文章集合, 共查找文章10条信息<!log>
[2015-09-11 17:06:00.669] [INFO] cheese - 成功读取数据库, 查找category|分类, 共查找分类21条信息<!log>
[2015-09-11 17:06:00.674] [INFO] cheese - 成功读取数据库, 查找文章集合, 共查找文章10条信息<!log>
[2015-09-11 17:06:02.488] [INFO] cheese - 成功读取数据库, 查找category|分类, 共查找分类21条信息<!log>
[2015-09-11 17:06:02.493] [INFO] cheese - 成功读取数据库, 查找文章集合, 共查找文章10条信息<!log>
[2015-09-11 17:06:03.596] [INFO] cheese - 成功读取数据库, 查找category|分类, 共查找分类21条信息<!log>
[2015-09-11 17:06:03.600] [INFO] cheese - 成功读取数据库, 查找文章集合, 共查找文章1条信息<!log>
[2015-09-11 17:06:06.019] [INFO] cheese - 成功读取数据库, 查找category|分类, 共查找分类21条信息<!log>
[2015-09-11 17:06:06.023] [INFO] cheese - 成功读取数据库, 查找文章集合, 共查找文章10条信息<!log>
[2015-09-11 17:06:23.792] [INFO] cheese - 成功读取数据库, 查找category|分类, 共查找分类21条信息<!log>
[2015-09-11 17:06:23.796] [INFO] cheese - 成功读取数据库, 查找文章集合, 共查找文章10条信息<!log>
[2015-09-11 17:06:33.229] [WARN] cheese - 进入service，目前是写入操作<!log>
[2015-09-11 17:06:33.507] [INFO] cheese - 成功写入数据库, 写入文章, 共查找文章undefined条信息<!log>
[2015-09-11 17:06:35.081] [INFO] cheese - 成功读取数据库, 查找category|分类, 共查找分类22条信息<!log>
[2015-09-11 17:06:35.085] [INFO] cheese - 成功读取数据库, 查找文章集合, 共查找文章10条信息<!log>
[2015-09-11 17:06:42.840] [INFO] cheese - 成功读取数据库, 查找category|分类, 共查找分类22条信息<!log>
[2015-09-11 17:06:42.843] [INFO] cheese - 成功读取数据库, 查找文章集合, 共查找文章2条信息<!log>
[2015-09-11 17:06:51.467] [INFO] cheese - 成功读取数据库, 查找category|分类, 共查找分类22条信息<!log>
[2015-09-11 17:06:51.473] [INFO] cheese - 成功读取数据库, 查找文章集合, 共查找文章10条信息<!log>
