[2015-11-27 10:31:58.908] [FATAL] log - Express server listening on port:http://localhost:3000<!log>
[2015-11-27 10:32:12.037] [INFO] log - Executing (default): CREATE TABLE IF NOT EXISTS `Arts` (`ID` INTEGER(100) auto_increment , `TITLE` VARCHAR(300) DEFAULT NULL, `TITLE_HASH` VARCHAR(50) DEFAULT NULL, `CATEGORY` VARCHAR(50) DEFAULT NULL, `BODY` TEXT DEFAULT NULL, `CREATEDAT` DATETIME, `UPDATEAT` DATETIME, PRIMARY KEY (`ID`)) ENGINE=InnoDB DEFAULT CHARSET=utf8 COLLATE utf8_general_ci;<!log>
[2015-11-27 10:32:12.146] [INFO] log - Executing (default): SHOW INDEX FROM `Arts`<!log>
[2015-11-27 10:32:12.161] [INFO] log - Executing (default): SELECT `CATEGORY` FROM `Arts` AS `Arts` GROUP BY CATEGORY ORDER BY ID asc;<!log>
[2015-11-27 10:32:12.164] [INFO] log - 成功读取数据库, 查找category|分类, 共查找分类1条信息<!log>
[2015-11-27 10:32:12.169] [INFO] log - Executing (default): SELECT `ID`, `TITLE`, `TITLE_HASH`, `CATEGORY`, `BODY`, `CREATEDAT`, `UPDATEAT` FROM `Arts` AS `Arts` ORDER BY ID asc LIMIT 50;<!log>
[2015-11-27 10:32:12.174] [INFO] log - 成功读取数据库, 查找文章集合, 共查找文章1条信息<!log>
[2015-11-27 10:33:40.001] [INFO] log - Executing (default): CREATE TABLE IF NOT EXISTS `Arts` (`ID` INTEGER(100) auto_increment , `TITLE` VARCHAR(300) DEFAULT NULL, `TITLE_HASH` VARCHAR(50) DEFAULT NULL, `CATEGORY` VARCHAR(50) DEFAULT NULL, `BODY` TEXT DEFAULT NULL, `CREATEDAT` DATETIME, `UPDATEAT` DATETIME, PRIMARY KEY (`ID`)) ENGINE=InnoDB DEFAULT CHARSET=utf8 COLLATE utf8_general_ci;<!log>
[2015-11-27 10:33:40.007] [INFO] log - Executing (default): SHOW INDEX FROM `Arts`<!log>
[2015-11-27 10:33:40.014] [INFO] log - Executing (default): SELECT `CATEGORY` FROM `Arts` AS `Arts` ORDER BY ID asc;<!log>
[2015-11-27 10:33:40.016] [INFO] log - 成功读取数据库, 查找category|分类, 共查找分类1条信息<!log>
[2015-11-27 10:33:40.017] [INFO] log - Executing (default): SELECT `ID`, `TITLE`, `TITLE_HASH`, `CATEGORY`, `BODY`, `CREATEDAT`, `UPDATEAT` FROM `Arts` AS `Arts` ORDER BY ID asc LIMIT 10;<!log>
[2015-11-27 10:33:40.019] [INFO] log - 成功读取数据库, 查找文章集合, 共查找文章1条信息<!log>
[2015-11-27 10:33:41.879] [INFO] log - Executing (default): CREATE TABLE IF NOT EXISTS `Arts` (`ID` INTEGER(100) auto_increment , `TITLE` VARCHAR(300) DEFAULT NULL, `TITLE_HASH` VARCHAR(50) DEFAULT NULL, `CATEGORY` VARCHAR(50) DEFAULT NULL, `BODY` TEXT DEFAULT NULL, `CREATEDAT` DATETIME, `UPDATEAT` DATETIME, PRIMARY KEY (`ID`)) ENGINE=InnoDB DEFAULT CHARSET=utf8 COLLATE utf8_general_ci;<!log>
[2015-11-27 10:33:41.885] [INFO] log - Executing (default): SHOW INDEX FROM `Arts`<!log>
[2015-11-27 10:33:41.889] [INFO] log - Executing (default): SELECT `CATEGORY` FROM `Arts` AS `Arts` GROUP BY CATEGORY ORDER BY ID asc;<!log>
[2015-11-27 10:33:41.891] [INFO] log - 成功读取数据库, 查找category|分类, 共查找分类1条信息<!log>
[2015-11-27 10:33:41.894] [INFO] log - Executing (default): SELECT `ID`, `TITLE`, `TITLE_HASH`, `CATEGORY`, `BODY`, `CREATEDAT`, `UPDATEAT` FROM `Arts` AS `Arts` WHERE `Arts`.`TITLE_HASH` = '05b8c74cbd96fbf2de4c1a352702fbf4' ORDER BY ID asc LIMIT 1;<!log>
[2015-11-27 10:33:41.897] [INFO] log - 成功读取数据库, 查找文章集合, 共查找文章1条信息<!log>
[2015-11-27 10:35:14.559] [INFO] log - Executing (default): CREATE TABLE IF NOT EXISTS `Arts` (`ID` INTEGER(100) auto_increment , `TITLE` VARCHAR(300) DEFAULT NULL, `TITLE_HASH` VARCHAR(50) DEFAULT NULL, `CATEGORY` VARCHAR(50) DEFAULT NULL, `BODY` TEXT DEFAULT NULL, `CREATEDAT` DATETIME, `UPDATEAT` DATETIME, PRIMARY KEY (`ID`)) ENGINE=InnoDB DEFAULT CHARSET=utf8 COLLATE utf8_general_ci;<!log>
[2015-11-27 10:35:14.562] [INFO] log - Executing (default): SHOW INDEX FROM `Arts`<!log>
[2015-11-27 10:35:14.566] [INFO] log - Executing (default): SELECT `ID`, `TITLE`, `TITLE_HASH`, `CATEGORY`, `BODY`, `CREATEDAT`, `UPDATEAT` FROM `Arts` AS `Arts` WHERE `Arts`.`ID` = '1' ORDER BY ID asc LIMIT 1;<!log>
[2015-11-27 10:35:14.567] [INFO] log - 成功读取数据库, 查找文章集合, 共查找文章1条信息<!log>
[2015-11-27 10:35:16.857] [INFO] log - Executing (default): CREATE TABLE IF NOT EXISTS `Arts` (`ID` INTEGER(100) auto_increment , `TITLE` VARCHAR(300) DEFAULT NULL, `TITLE_HASH` VARCHAR(50) DEFAULT NULL, `CATEGORY` VARCHAR(50) DEFAULT NULL, `BODY` TEXT DEFAULT NULL, `CREATEDAT` DATETIME, `UPDATEAT` DATETIME, PRIMARY KEY (`ID`)) ENGINE=InnoDB DEFAULT CHARSET=utf8 COLLATE utf8_general_ci;<!log>
[2015-11-27 10:35:16.859] [INFO] log - Executing (default): SHOW INDEX FROM `Arts`<!log>
[2015-11-27 10:35:16.862] [INFO] log - Executing (default): SELECT `CATEGORY` FROM `Arts` AS `Arts` ORDER BY ID asc;<!log>
[2015-11-27 10:35:16.864] [INFO] log - 成功读取数据库, 查找category|分类, 共查找分类1条信息<!log>
[2015-11-27 10:35:16.866] [INFO] log - Executing (default): SELECT `ID`, `TITLE`, `TITLE_HASH`, `CATEGORY`, `BODY`, `CREATEDAT`, `UPDATEAT` FROM `Arts` AS `Arts` ORDER BY ID asc LIMIT 10;<!log>
[2015-11-27 10:35:16.868] [INFO] log - 成功读取数据库, 查找文章集合, 共查找文章1条信息<!log>
[2015-11-27 10:35:20.030] [INFO] log - Executing (default): CREATE TABLE IF NOT EXISTS `Arts` (`ID` INTEGER(100) auto_increment , `TITLE` VARCHAR(300) DEFAULT NULL, `TITLE_HASH` VARCHAR(50) DEFAULT NULL, `CATEGORY` VARCHAR(50) DEFAULT NULL, `BODY` TEXT DEFAULT NULL, `CREATEDAT` DATETIME, `UPDATEAT` DATETIME, PRIMARY KEY (`ID`)) ENGINE=InnoDB DEFAULT CHARSET=utf8 COLLATE utf8_general_ci;<!log>
[2015-11-27 10:35:20.032] [INFO] log - Executing (default): SHOW INDEX FROM `Arts`<!log>
[2015-11-27 10:35:20.035] [INFO] log - Executing (default): SELECT `ID`, `TITLE`, `TITLE_HASH`, `CATEGORY`, `BODY`, `CREATEDAT`, `UPDATEAT` FROM `Arts` AS `Arts` WHERE `Arts`.`ID` = '1' ORDER BY ID asc LIMIT 1;<!log>
[2015-11-27 10:35:20.036] [INFO] log - 成功读取数据库, 查找文章集合, 共查找文章1条信息<!log>
[2015-11-27 10:35:22.601] [INFO] log - Executing (default): CREATE TABLE IF NOT EXISTS `Arts` (`ID` INTEGER(100) auto_increment , `TITLE` VARCHAR(300) DEFAULT NULL, `TITLE_HASH` VARCHAR(50) DEFAULT NULL, `CATEGORY` VARCHAR(50) DEFAULT NULL, `BODY` TEXT DEFAULT NULL, `CREATEDAT` DATETIME, `UPDATEAT` DATETIME, PRIMARY KEY (`ID`)) ENGINE=InnoDB DEFAULT CHARSET=utf8 COLLATE utf8_general_ci;<!log>
[2015-11-27 10:35:22.604] [INFO] log - Executing (default): SHOW INDEX FROM `Arts`<!log>
[2015-11-27 10:35:22.608] [INFO] log - Executing (default): SELECT `CATEGORY` FROM `Arts` AS `Arts` ORDER BY ID asc;<!log>
[2015-11-27 10:35:22.610] [INFO] log - 成功读取数据库, 查找category|分类, 共查找分类1条信息<!log>
[2015-11-27 10:35:22.611] [INFO] log - Executing (default): SELECT `ID`, `TITLE`, `TITLE_HASH`, `CATEGORY`, `BODY`, `CREATEDAT`, `UPDATEAT` FROM `Arts` AS `Arts` ORDER BY ID asc LIMIT 10;<!log>
[2015-11-27 10:35:22.615] [INFO] log - 成功读取数据库, 查找文章集合, 共查找文章1条信息<!log>
[2015-11-27 10:36:00.989] [INFO] log - Executing (default): CREATE TABLE IF NOT EXISTS `Resources` (`ID` INTEGER(100) auto_increment , `NAME` VARCHAR(50) DEFAULT NULL, `URL` VARCHAR(100) DEFAULT NULL, `CATEGORY` VARCHAR(50) DEFAULT NULL, `CREATEDAT` DATETIME, `UPDATEAT` DATETIME, PRIMARY KEY (`ID`)) ENGINE=InnoDB DEFAULT CHARSET=utf8 COLLATE utf8_general_ci;<!log>
[2015-11-27 10:36:01.031] [INFO] log - Executing (default): SHOW INDEX FROM `Resources`<!log>
[2015-11-27 10:36:01.035] [INFO] log - Executing (default): SELECT `CATEGORY` FROM `Resources` AS `Resource` ORDER BY ID asc;<!log>
[2015-11-27 10:36:01.036] [INFO] log - 成功读取数据库, 查找category|分类, 共查找分类1条信息<!log>
[2015-11-27 10:36:01.037] [INFO] log - Executing (default): SELECT `ID`, `NAME`, `URL`, `CATEGORY`, `CREATEDAT`, `UPDATEAT` FROM `Resources` AS `Resource` ORDER BY ID asc LIMIT 10;<!log>
[2015-11-27 10:36:01.039] [INFO] log - 成功读取数据库, 查找资源集合, 共查找资源1条信息<!log>
[2015-11-27 10:37:18.816] [FATAL] log - Express server listening on port:http://localhost:3000<!log>
[2015-11-27 10:47:32.713] [INFO] log - Executing (default): CREATE TABLE IF NOT EXISTS `Arts` (`ID` INTEGER(100) auto_increment , `TITLE` VARCHAR(300) DEFAULT NULL, `TITLE_HASH` VARCHAR(50) DEFAULT NULL, `CATEGORY` VARCHAR(50) DEFAULT NULL, `BODY` TEXT DEFAULT NULL, `CREATEDAT` DATETIME, `UPDATEAT` DATETIME, PRIMARY KEY (`ID`)) ENGINE=InnoDB DEFAULT CHARSET=utf8 COLLATE utf8_general_ci;<!log>
[2015-11-27 10:47:32.716] [INFO] log - Executing (default): CREATE TABLE IF NOT EXISTS `Arts` (`ID` INTEGER(100) auto_increment , `TITLE` VARCHAR(300) DEFAULT NULL, `TITLE_HASH` VARCHAR(50) DEFAULT NULL, `CATEGORY` VARCHAR(50) DEFAULT NULL, `BODY` TEXT DEFAULT NULL, `CREATEDAT` DATETIME, `UPDATEAT` DATETIME, PRIMARY KEY (`ID`)) ENGINE=InnoDB DEFAULT CHARSET=utf8 COLLATE utf8_general_ci;<!log>
[2015-11-27 10:47:32.721] [INFO] log - Executing (default): SHOW INDEX FROM `Arts`<!log>
[2015-11-27 10:47:32.724] [INFO] log - Executing (default): SHOW INDEX FROM `Arts`<!log>
[2015-11-27 10:47:32.730] [INFO] log - Executing (default): SELECT `CATEGORY` FROM `Arts` AS `Arts` GROUP BY CATEGORY ORDER BY ID asc;<!log>
[2015-11-27 10:47:32.734] [INFO] log - Executing (default): SELECT `CATEGORY` FROM `Arts` AS `Arts` GROUP BY CATEGORY ORDER BY ID asc;<!log>
[2015-11-27 10:47:32.735] [INFO] log - 成功读取数据库, 查找category|分类, 共查找分类1条信息<!log>
[2015-11-27 10:47:32.737] [INFO] log - Executing (default): SELECT `ID`, `TITLE`, `TITLE_HASH`, `CATEGORY`, `BODY`, `CREATEDAT`, `UPDATEAT` FROM `Arts` AS `Arts` ORDER BY ID asc LIMIT 50;<!log>
[2015-11-27 10:47:32.738] [INFO] log - 成功读取数据库, 查找category|分类, 共查找分类1条信息<!log>
[2015-11-27 10:47:32.739] [INFO] log - Executing (default): SELECT `ID`, `TITLE`, `TITLE_HASH`, `CATEGORY`, `BODY`, `CREATEDAT`, `UPDATEAT` FROM `Arts` AS `Arts` ORDER BY ID asc LIMIT 50;<!log>
[2015-11-27 10:47:32.740] [INFO] log - 成功读取数据库, 查找文章集合, 共查找文章1条信息<!log>
[2015-11-27 10:47:32.752] [INFO] log - 成功读取数据库, 查找文章集合, 共查找文章1条信息<!log>
[2015-11-27 10:47:43.662] [FATAL] log - Express server listening on port:http://localhost:3000<!log>
[2015-11-27 10:49:48.572] [FATAL] log - Express server listening on port:http://localhost:3000<!log>
[2015-11-27 10:54:41.001] [FATAL] log - Express server listening on port:http://localhost:3000<!log>
[2015-11-27 10:56:31.043] [INFO] log - Executing (default): CREATE TABLE IF NOT EXISTS `Arts` (`ID` INTEGER(100) auto_increment , `TITLE` VARCHAR(300) DEFAULT NULL, `TITLE_HASH` VARCHAR(50) DEFAULT NULL, `CATEGORY` VARCHAR(50) DEFAULT NULL, `BODY` TEXT DEFAULT NULL, `CREATEDAT` DATETIME, `UPDATEAT` DATETIME, PRIMARY KEY (`ID`)) ENGINE=InnoDB DEFAULT CHARSET=utf8 COLLATE utf8_general_ci;<!log>
[2015-11-27 10:56:31.047] [INFO] log - Executing (default): CREATE TABLE IF NOT EXISTS `Arts` (`ID` INTEGER(100) auto_increment , `TITLE` VARCHAR(300) DEFAULT NULL, `TITLE_HASH` VARCHAR(50) DEFAULT NULL, `CATEGORY` VARCHAR(50) DEFAULT NULL, `BODY` TEXT DEFAULT NULL, `CREATEDAT` DATETIME, `UPDATEAT` DATETIME, PRIMARY KEY (`ID`)) ENGINE=InnoDB DEFAULT CHARSET=utf8 COLLATE utf8_general_ci;<!log>
[2015-11-27 10:56:31.055] [INFO] log - Executing (default): SHOW INDEX FROM `Arts`<!log>
[2015-11-27 10:56:31.058] [INFO] log - Executing (default): SHOW INDEX FROM `Arts`<!log>
[2015-11-27 10:56:31.063] [INFO] log - Executing (default): SELECT `CATEGORY` FROM `Arts` AS `Arts` GROUP BY CATEGORY ORDER BY ID asc;<!log>
[2015-11-27 10:56:31.066] [INFO] log - Executing (default): SELECT `CATEGORY` FROM `Arts` AS `Arts` GROUP BY CATEGORY ORDER BY ID asc;<!log>
[2015-11-27 10:56:31.068] [INFO] log - 成功读取数据库, 查找category|分类, 共查找分类1条信息<!log>
[2015-11-27 10:56:31.069] [INFO] log - Executing (default): SELECT `ID`, `TITLE`, `TITLE_HASH`, `CATEGORY`, `BODY`, `CREATEDAT`, `UPDATEAT` FROM `Arts` AS `Arts` ORDER BY ID asc LIMIT 50;<!log>
[2015-11-27 10:56:31.071] [INFO] log - 成功读取数据库, 查找category|分类, 共查找分类1条信息<!log>
[2015-11-27 10:56:31.072] [INFO] log - Executing (default): SELECT `ID`, `TITLE`, `TITLE_HASH`, `CATEGORY`, `BODY`, `CREATEDAT`, `UPDATEAT` FROM `Arts` AS `Arts` ORDER BY ID asc LIMIT 50;<!log>
[2015-11-27 10:56:31.075] [INFO] log - 成功读取数据库, 查找文章集合, 共查找文章1条信息<!log>
[2015-11-27 10:56:31.107] [INFO] log - 成功读取数据库, 查找文章集合, 共查找文章1条信息<!log>
[2015-11-27 10:56:35.238] [INFO] log - Executing (default): CREATE TABLE IF NOT EXISTS `Arts` (`ID` INTEGER(100) auto_increment , `TITLE` VARCHAR(300) DEFAULT NULL, `TITLE_HASH` VARCHAR(50) DEFAULT NULL, `CATEGORY` VARCHAR(50) DEFAULT NULL, `BODY` TEXT DEFAULT NULL, `CREATEDAT` DATETIME, `UPDATEAT` DATETIME, PRIMARY KEY (`ID`)) ENGINE=InnoDB DEFAULT CHARSET=utf8 COLLATE utf8_general_ci;<!log>
[2015-11-27 10:56:35.322] [INFO] log - Executing (default): SHOW INDEX FROM `Arts`<!log>
[2015-11-27 10:56:35.339] [INFO] log - Executing (default): SELECT `CATEGORY` FROM `Arts` AS `Arts` GROUP BY CATEGORY ORDER BY ID asc;<!log>
[2015-11-27 10:56:35.342] [INFO] log - 成功读取数据库, 查找category|分类, 共查找分类1条信息<!log>
[2015-11-27 10:56:35.343] [INFO] log - Executing (default): SELECT `ID`, `TITLE`, `TITLE_HASH`, `CATEGORY`, `BODY`, `CREATEDAT`, `UPDATEAT` FROM `Arts` AS `Arts` ORDER BY ID asc LIMIT 50;<!log>
[2015-11-27 10:56:35.345] [INFO] log - 成功读取数据库, 查找文章集合, 共查找文章1条信息<!log>
[2015-11-27 10:57:45.439] [FATAL] log - Express server listening on port:http://localhost:3000<!log>
[2015-11-27 11:10:03.435] [FATAL] log - Express server listening on port:http://localhost:3000<!log>
[2015-11-27 11:10:07.101] [INFO] log - ::ffff:10.106.89.64用户正在访问
[2015-11-27 11:10:07.140] [INFO] log - Executing (default): CREATE TABLE IF NOT EXISTS `Arts` (`ID` INTEGER(100) auto_increment , `TITLE` VARCHAR(300) DEFAULT NULL, `TITLE_HASH` VARCHAR(50) DEFAULT NULL, `CATEGORY` VARCHAR(50) DEFAULT NULL, `BODY` TEXT DEFAULT NULL, `CREATEDAT` DATETIME, `UPDATEAT` DATETIME, PRIMARY KEY (`ID`)) ENGINE=InnoDB DEFAULT CHARSET=utf8 COLLATE utf8_general_ci;<!log>
[2015-11-27 11:10:07.144] [INFO] log - Executing (default): SHOW INDEX FROM `Arts`<!log>
[2015-11-27 11:10:07.152] [INFO] log - Executing (default): SELECT `CATEGORY` FROM `Arts` AS `Arts` GROUP BY CATEGORY ORDER BY ID asc;<!log>
[2015-11-27 11:10:07.155] [INFO] log - 成功读取数据库, 查找category|分类, 共查找分类1条信息<!log>
[2015-11-27 11:10:07.157] [INFO] log - Executing (default): SELECT `ID`, `TITLE`, `TITLE_HASH`, `CATEGORY`, `BODY`, `CREATEDAT`, `UPDATEAT` FROM `Arts` AS `Arts` ORDER BY ID asc LIMIT 50;<!log>
[2015-11-27 11:10:07.160] [INFO] log - 成功读取数据库, 查找文章集合, 共查找文章1条信息<!log>
[2015-11-27 11:10:16.379] [INFO] log - Executing (default): CREATE TABLE IF NOT EXISTS `Arts` (`ID` INTEGER(100) auto_increment , `TITLE` VARCHAR(300) DEFAULT NULL, `TITLE_HASH` VARCHAR(50) DEFAULT NULL, `CATEGORY` VARCHAR(50) DEFAULT NULL, `BODY` TEXT DEFAULT NULL, `CREATEDAT` DATETIME, `UPDATEAT` DATETIME, PRIMARY KEY (`ID`)) ENGINE=InnoDB DEFAULT CHARSET=utf8 COLLATE utf8_general_ci;<!log>
[2015-11-27 11:10:16.383] [INFO] log - Executing (default): SHOW INDEX FROM `Arts`<!log>
[2015-11-27 11:10:16.388] [INFO] log - Executing (default): SELECT `CATEGORY` FROM `Arts` AS `Arts` ORDER BY ID asc;<!log>
[2015-11-27 11:10:16.391] [INFO] log - 成功读取数据库, 查找category|分类, 共查找分类1条信息<!log>
[2015-11-27 11:10:16.394] [INFO] log - Executing (default): SELECT `ID`, `TITLE`, `TITLE_HASH`, `CATEGORY`, `BODY`, `CREATEDAT`, `UPDATEAT` FROM `Arts` AS `Arts` ORDER BY ID asc LIMIT 10;<!log>
[2015-11-27 11:10:16.397] [INFO] log - 成功读取数据库, 查找文章集合, 共查找文章1条信息<!log>
[2015-11-27 11:10:53.355] [FATAL] log - Express server listening on port:http://localhost:3000<!log>
[2015-11-27 11:10:55.342] [INFO] log - ::ffff:10.106.89.64用户正在访问<!log>
[2015-11-27 11:10:55.375] [INFO] log - Executing (default): CREATE TABLE IF NOT EXISTS `Arts` (`ID` INTEGER(100) auto_increment , `TITLE` VARCHAR(300) DEFAULT NULL, `TITLE_HASH` VARCHAR(50) DEFAULT NULL, `CATEGORY` VARCHAR(50) DEFAULT NULL, `BODY` TEXT DEFAULT NULL, `CREATEDAT` DATETIME, `UPDATEAT` DATETIME, PRIMARY KEY (`ID`)) ENGINE=InnoDB DEFAULT CHARSET=utf8 COLLATE utf8_general_ci;<!log>
[2015-11-27 11:10:55.378] [INFO] log - Executing (default): SHOW INDEX FROM `Arts`<!log>
[2015-11-27 11:10:55.387] [INFO] log - Executing (default): SELECT `CATEGORY` FROM `Arts` AS `Arts` GROUP BY CATEGORY ORDER BY ID asc;<!log>
[2015-11-27 11:10:55.390] [INFO] log - 成功读取数据库, 查找category|分类, 共查找分类1条信息<!log>
[2015-11-27 11:10:55.391] [INFO] log - Executing (default): SELECT `ID`, `TITLE`, `TITLE_HASH`, `CATEGORY`, `BODY`, `CREATEDAT`, `UPDATEAT` FROM `Arts` AS `Arts` ORDER BY ID asc LIMIT 50;<!log>
[2015-11-27 11:10:55.394] [INFO] log - 成功读取数据库, 查找文章集合, 共查找文章1条信息<!log>
[2015-11-27 11:12:16.812] [FATAL] log - Express server listening on port:http://localhost:3000<!log>
[2015-11-27 11:12:22.950] [INFO] log - ::ffff:10.106.89.64用户正在访问<!log>
[2015-11-27 11:12:23.002] [INFO] log - 成功读取数据库, 查找category|分类, 共查找分类1条信息<!log>
[2015-11-27 11:12:23.004] [INFO] log - 成功读取数据库, 查找文章集合, 共查找文章1条信息<!log>
[2015-11-27 11:12:36.023] [FATAL] log - Express server listening on port:http://localhost:3000<!log>
[2015-11-27 11:12:36.919] [INFO] log - ::ffff:10.106.89.64用户正在访问<!log>
[2015-11-27 11:12:36.975] [INFO] log - 成功读取数据库, 查找category|分类, 共查找分类1条信息<!log>
[2015-11-27 11:12:36.978] [INFO] log - 成功读取数据库, 查找文章集合, 共查找文章1条信息<!log>
[2015-11-27 11:13:05.723] [FATAL] log - Express server listening on port:http://localhost:3000<!log>
[2015-11-27 11:13:07.267] [INFO] log - ::ffff:10.106.89.64用户正在访问<!log>
[2015-11-27 11:13:07.317] [INFO] log - 成功读取数据库, 查找category|分类, 共查找分类1条信息<!log>
[2015-11-27 11:13:07.321] [INFO] log - 成功读取数据库, 查找文章集合, 共查找文章1条信息<!log>
[2015-11-27 11:13:29.313] [FATAL] log - Express server listening on port:http://localhost:3000<!log>
[2015-11-27 11:13:30.689] [FATAL] log - Express server listening on port:http://localhost:3000<!log>
[2015-11-27 11:13:32.478] [INFO] log - ::ffff:10.106.89.64用户正在访问<!log>
[2015-11-27 11:13:32.547] [INFO] log - Executing (default): SELECT `CATEGORY` FROM `Arts` AS `Arts` GROUP BY CATEGORY ORDER BY ID asc;<!log>
[2015-11-27 11:13:32.551] [INFO] log - 成功读取数据库, 查找category|分类, 共查找分类1条信息<!log>
[2015-11-27 11:13:32.552] [INFO] log - Executing (default): SELECT `ID`, `TITLE`, `TITLE_HASH`, `CATEGORY`, `BODY`, `CREATEDAT`, `UPDATEAT` FROM `Arts` AS `Arts` ORDER BY ID asc LIMIT 50;<!log>
[2015-11-27 11:13:32.556] [INFO] log - 成功读取数据库, 查找文章集合, 共查找文章1条信息<!log>
[2015-11-27 11:22:04.785] [INFO] log - ::ffff:10.106.90.80用户正在访问<!log>
[2015-11-27 11:22:04.795] [INFO] log - Executing (default): SELECT `CATEGORY` FROM `Arts` AS `Arts` GROUP BY CATEGORY ORDER BY ID asc;<!log>
[2015-11-27 11:22:04.797] [INFO] log - 成功读取数据库, 查找category|分类, 共查找分类1条信息<!log>
[2015-11-27 11:22:04.798] [INFO] log - Executing (default): SELECT `ID`, `TITLE`, `TITLE_HASH`, `CATEGORY`, `BODY`, `CREATEDAT`, `UPDATEAT` FROM `Arts` AS `Arts` ORDER BY ID asc LIMIT 50;<!log>
[2015-11-27 11:22:04.799] [INFO] log - 成功读取数据库, 查找文章集合, 共查找文章1条信息<!log>
[2015-11-27 11:22:26.529] [INFO] log - Executing (default): SELECT `CATEGORY` FROM `Arts` AS `Arts` GROUP BY CATEGORY ORDER BY ID asc;<!log>
[2015-11-27 11:22:26.532] [INFO] log - 成功读取数据库, 查找category|分类, 共查找分类1条信息<!log>
[2015-11-27 11:22:26.535] [INFO] log - Executing (default): SELECT `ID`, `TITLE`, `TITLE_HASH`, `CATEGORY`, `BODY`, `CREATEDAT`, `UPDATEAT` FROM `Arts` AS `Arts` WHERE `Arts`.`CATEGORY` = 'ohter' ORDER BY ID asc LIMIT 10;<!log>
[2015-11-27 11:22:26.537] [INFO] log - 成功读取数据库, 查找文章集合, 共查找文章1条信息<!log>
[2015-11-27 11:22:49.649] [INFO] log - Executing (default): SELECT `CATEGORY` FROM `Arts` AS `Arts` GROUP BY CATEGORY ORDER BY ID asc;<!log>
[2015-11-27 11:22:49.652] [INFO] log - 成功读取数据库, 查找category|分类, 共查找分类1条信息<!log>
[2015-11-27 11:22:49.655] [INFO] log - Executing (default): SELECT `ID`, `TITLE`, `TITLE_HASH`, `CATEGORY`, `BODY`, `CREATEDAT`, `UPDATEAT` FROM `Arts` AS `Arts` WHERE `Arts`.`TITLE_HASH` = '05b8c74cbd96fbf2de4c1a352702fbf4' ORDER BY ID asc LIMIT 1;<!log>
[2015-11-27 11:22:49.657] [INFO] log - 成功读取数据库, 查找文章集合, 共查找文章1条信息<!log>
[2015-11-27 11:22:51.676] [INFO] log - Executing (default): SELECT `CATEGORY` FROM `Arts` AS `Arts` GROUP BY CATEGORY ORDER BY ID asc;<!log>
[2015-11-27 11:22:51.678] [INFO] log - 成功读取数据库, 查找category|分类, 共查找分类1条信息<!log>
[2015-11-27 11:22:51.680] [INFO] log - Executing (default): SELECT `ID`, `TITLE`, `TITLE_HASH`, `CATEGORY`, `BODY`, `CREATEDAT`, `UPDATEAT` FROM `Arts` AS `Arts` WHERE `Arts`.`TITLE_HASH` = '05b8c74cbd96fbf2de4c1a352702fbf4' ORDER BY ID asc LIMIT 1;<!log>
[2015-11-27 11:22:51.683] [INFO] log - 成功读取数据库, 查找文章集合, 共查找文章1条信息<!log>
[2015-11-27 11:23:31.246] [INFO] log - ::ffff:10.106.90.235用户正在访问<!log>
[2015-11-27 11:23:31.266] [INFO] log - Executing (default): SELECT `CATEGORY` FROM `Arts` AS `Arts` GROUP BY CATEGORY ORDER BY ID asc;<!log>
[2015-11-27 11:23:31.271] [INFO] log - 成功读取数据库, 查找category|分类, 共查找分类1条信息<!log>
[2015-11-27 11:23:31.275] [INFO] log - Executing (default): SELECT `ID`, `TITLE`, `TITLE_HASH`, `CATEGORY`, `BODY`, `CREATEDAT`, `UPDATEAT` FROM `Arts` AS `Arts` ORDER BY ID asc LIMIT 50;<!log>
[2015-11-27 11:23:31.279] [INFO] log - 成功读取数据库, 查找文章集合, 共查找文章1条信息<!log>
[2015-11-27 11:23:55.616] [INFO] log - Executing (default): SELECT `CATEGORY` FROM `Arts` AS `Arts` GROUP BY CATEGORY ORDER BY ID asc;<!log>
[2015-11-27 11:23:55.618] [INFO] log - 成功读取数据库, 查找category|分类, 共查找分类1条信息<!log>
[2015-11-27 11:23:55.621] [INFO] log - Executing (default): SELECT `ID`, `TITLE`, `TITLE_HASH`, `CATEGORY`, `BODY`, `CREATEDAT`, `UPDATEAT` FROM `Arts` AS `Arts` WHERE `Arts`.`TITLE_HASH` = '05b8c74cbd96fbf2de4c1a352702fbf4' ORDER BY ID asc LIMIT 1;<!log>
[2015-11-27 11:23:55.625] [INFO] log - 成功读取数据库, 查找文章集合, 共查找文章1条信息<!log>
[2015-11-27 11:24:31.886] [INFO] log - Executing (default): SELECT `CATEGORY` FROM `Arts` AS `Arts` GROUP BY CATEGORY ORDER BY ID asc;<!log>
[2015-11-27 11:24:31.890] [INFO] log - 成功读取数据库, 查找category|分类, 共查找分类1条信息<!log>
[2015-11-27 11:24:31.892] [INFO] log - Executing (default): SELECT `ID`, `TITLE`, `TITLE_HASH`, `CATEGORY`, `BODY`, `CREATEDAT`, `UPDATEAT` FROM `Arts` AS `Arts` WHERE `Arts`.`TITLE_HASH` = '05b8c74cbd96fbf2de4c1a352702fbf4' ORDER BY ID asc LIMIT 1;<!log>
[2015-11-27 11:24:31.895] [INFO] log - 成功读取数据库, 查找文章集合, 共查找文章1条信息<!log>
[2015-11-27 11:25:01.665] [INFO] log - ::ffff:10.106.90.80用户正在访问<!log>
[2015-11-27 11:25:01.681] [INFO] log - Executing (default): SELECT `CATEGORY` FROM `Arts` AS `Arts` GROUP BY CATEGORY ORDER BY ID asc;<!log>
[2015-11-27 11:25:01.684] [INFO] log - 成功读取数据库, 查找category|分类, 共查找分类1条信息<!log>
[2015-11-27 11:25:01.685] [INFO] log - Executing (default): SELECT `ID`, `TITLE`, `TITLE_HASH`, `CATEGORY`, `BODY`, `CREATEDAT`, `UPDATEAT` FROM `Arts` AS `Arts` ORDER BY ID asc LIMIT 50;<!log>
[2015-11-27 11:25:01.688] [INFO] log - 成功读取数据库, 查找文章集合, 共查找文章1条信息<!log>
[2015-11-27 11:25:21.548] [INFO] log - ::ffff:10.106.90.80用户正在访问<!log>
[2015-11-27 11:25:21.564] [INFO] log - Executing (default): SELECT `CATEGORY` FROM `Arts` AS `Arts` GROUP BY CATEGORY ORDER BY ID asc;<!log>
[2015-11-27 11:25:21.567] [INFO] log - 成功读取数据库, 查找category|分类, 共查找分类1条信息<!log>
[2015-11-27 11:25:21.570] [INFO] log - Executing (default): SELECT `ID`, `TITLE`, `TITLE_HASH`, `CATEGORY`, `BODY`, `CREATEDAT`, `UPDATEAT` FROM `Arts` AS `Arts` ORDER BY ID asc LIMIT 50;<!log>
[2015-11-27 11:25:21.573] [INFO] log - 成功读取数据库, 查找文章集合, 共查找文章1条信息<!log>
[2015-11-27 11:25:28.653] [INFO] log - Executing (default): SELECT `CATEGORY` FROM `Arts` AS `Arts` GROUP BY CATEGORY ORDER BY ID asc;<!log>
[2015-11-27 11:25:28.657] [INFO] log - 成功读取数据库, 查找category|分类, 共查找分类1条信息<!log>
[2015-11-27 11:25:28.660] [INFO] log - Executing (default): SELECT `ID`, `TITLE`, `TITLE_HASH`, `CATEGORY`, `BODY`, `CREATEDAT`, `UPDATEAT` FROM `Arts` AS `Arts` WHERE `Arts`.`CATEGORY` = 'ohter' ORDER BY ID asc LIMIT 10;<!log>
[2015-11-27 11:25:28.663] [INFO] log - 成功读取数据库, 查找文章集合, 共查找文章1条信息<!log>
[2015-11-27 11:25:35.940] [INFO] log - Executing (default): SELECT `CATEGORY` FROM `Arts` AS `Arts` GROUP BY CATEGORY ORDER BY ID asc;<!log>
[2015-11-27 11:25:35.944] [INFO] log - 成功读取数据库, 查找category|分类, 共查找分类1条信息<!log>
[2015-11-27 11:25:35.946] [INFO] log - Executing (default): SELECT `ID`, `TITLE`, `TITLE_HASH`, `CATEGORY`, `BODY`, `CREATEDAT`, `UPDATEAT` FROM `Arts` AS `Arts` WHERE `Arts`.`CATEGORY` = 'ohter' ORDER BY ID asc LIMIT 10;<!log>
[2015-11-27 11:25:35.948] [INFO] log - 成功读取数据库, 查找文章集合, 共查找文章1条信息<!log>
[2015-11-27 11:27:25.893] [INFO] log - ::ffff:10.106.89.64用户正在访问<!log>
[2015-11-27 11:27:25.902] [INFO] log - Executing (default): SELECT `CATEGORY` FROM `Arts` AS `Arts` GROUP BY CATEGORY ORDER BY ID asc;<!log>
[2015-11-27 11:27:25.905] [INFO] log - 成功读取数据库, 查找category|分类, 共查找分类1条信息<!log>
[2015-11-27 11:27:25.906] [INFO] log - Executing (default): SELECT `ID`, `TITLE`, `TITLE_HASH`, `CATEGORY`, `BODY`, `CREATEDAT`, `UPDATEAT` FROM `Arts` AS `Arts` ORDER BY ID asc LIMIT 50;<!log>
[2015-11-27 11:27:25.907] [INFO] log - 成功读取数据库, 查找文章集合, 共查找文章1条信息<!log>
[2015-11-27 11:28:23.775] [INFO] log - ::ffff:10.106.89.64用户正在访问<!log>
[2015-11-27 11:28:23.784] [INFO] log - Executing (default): SELECT `CATEGORY` FROM `Arts` AS `Arts` GROUP BY CATEGORY ORDER BY ID asc;<!log>
[2015-11-27 11:28:23.786] [INFO] log - 成功读取数据库, 查找category|分类, 共查找分类1条信息<!log>
[2015-11-27 11:28:23.786] [INFO] log - Executing (default): SELECT `ID`, `TITLE`, `TITLE_HASH`, `CATEGORY`, `BODY`, `CREATEDAT`, `UPDATEAT` FROM `Arts` AS `Arts` ORDER BY ID asc LIMIT 50;<!log>
[2015-11-27 11:28:23.787] [INFO] log - 成功读取数据库, 查找文章集合, 共查找文章1条信息<!log>
